   1              		.cpu cortex-m7
   2              		.arch armv7e-m
   3              		.fpu fpv5-d16
   4              		.eabi_attribute 28, 1
   5              		.eabi_attribute 20, 1
   6              		.eabi_attribute 21, 1
   7              		.eabi_attribute 23, 3
   8              		.eabi_attribute 24, 1
   9              		.eabi_attribute 25, 1
  10              		.eabi_attribute 26, 1
  11              		.eabi_attribute 30, 6
  12              		.eabi_attribute 34, 1
  13              		.eabi_attribute 18, 4
  14              		.file	"imu660rb.c"
  15              		.text
  16              	.Ltext0:
  17              		.cfi_sections	.debug_frame
  18              		.global	gyro_bias_x
  19              		.section	.bss.gyro_bias_x,"aw",%nobits
  20              		.align	1
  23              	gyro_bias_x:
  24 0000 0000     		.space	2
  25              		.global	gyro_bias_y
  26              		.section	.bss.gyro_bias_y,"aw",%nobits
  27              		.align	1
  30              	gyro_bias_y:
  31 0000 0000     		.space	2
  32              		.global	gyro_bias_z
  33              		.section	.bss.gyro_bias_z,"aw",%nobits
  34              		.align	1
  37              	gyro_bias_z:
  38 0000 0000     		.space	2
  39              		.section	.rodata
  40              		.align	2
  41              	.LC0:
  42 0000 696D7536 		.ascii	"imu660rb init error.\015\000"
  42      36307262 
  42      20696E69 
  42      74206572 
  42      726F722E 
  43              		.section	.text.dlw_imu660rb_init,"ax",%progbits
  44              		.align	1
  45              		.p2align 4,,15
  46              		.global	dlw_imu660rb_init
  47              		.syntax unified
  48              		.thumb
  49              		.thumb_func
  51              	dlw_imu660rb_init:
  52              	.LFB482:
  53              		.file 1 "user_code/imu660rb.c"
   1:user_code/imu660rb.c **** /*
   2:user_code/imu660rb.c ****  * imu660rb.c
   3:user_code/imu660rb.c ****  *
   4:user_code/imu660rb.c ****  *  Created on: 2025年6月18日
   5:user_code/imu660rb.c ****  *      Author: 刘珈琪
   6:user_code/imu660rb.c ****  */
   7:user_code/imu660rb.c **** 
   8:user_code/imu660rb.c **** #include "imu660rb.h"
   9:user_code/imu660rb.c **** 
  10:user_code/imu660rb.c **** int16 gyro_bias_x = 0, gyro_bias_y = 0, gyro_bias_z = 0;        // 陀螺仪零偏值变量
  11:user_code/imu660rb.c **** extern uint8_t calibration_done;                                // 校准完成标志
  12:user_code/imu660rb.c **** 
  13:user_code/imu660rb.c **** //-------------------------------------------------------------------------------------------------
  14:user_code/imu660rb.c **** // 函数简介     imu660rb初始化
  15:user_code/imu660rb.c **** // 参数说明     void                     当前欧拉角
  16:user_code/imu660rb.c **** // 返回参数     void
  17:user_code/imu660rb.c **** // 使用示例
  18:user_code/imu660rb.c **** // 备注信息
  19:user_code/imu660rb.c **** //-------------------------------------------------------------------------------------------------
  20:user_code/imu660rb.c **** void dlw_imu660rb_init(void)
  21:user_code/imu660rb.c **** {
  54              		.loc 1 21 1
  55              		.cfi_startproc
  56              		@ args = 0, pretend = 0, frame = 0
  57              		@ frame_needed = 0, uses_anonymous_args = 0
  58 0000 08B5     		push	{r3, lr}
  59              		.cfi_def_cfa_offset 8
  60              		.cfi_offset 3, -8
  61              		.cfi_offset 14, -4
  62              	.L5:
  22:user_code/imu660rb.c ****     while(1)
  23:user_code/imu660rb.c ****     {
  24:user_code/imu660rb.c ****         if(imu660rb_init())
  63              		.loc 1 24 12
  64 0002 FFF7FEFF 		bl	imu660rb_init
  65 0006 0346     		mov	r3, r0
  66              		.loc 1 24 11
  67 0008 002B     		cmp	r3, #0
  68 000a 07D0     		beq	.L2
  25:user_code/imu660rb.c ****         {
  26:user_code/imu660rb.c ****             printf("imu660rb init error.\r\n");                      // IMU660RB 初始化失败
  69              		.loc 1 26 13
  70 000c 0948     		ldr	r0, .L8
  71 000e FFF7FEFF 		bl	puts
  27:user_code/imu660rb.c ****             zf_gpio_set_level(G14, GPIO_LOW);                        // 初始化失败红灯点亮
  72              		.loc 1 27 13
  73 0012 0021     		movs	r1, #0
  74 0014 CE20     		movs	r0, #206
  75 0016 FFF7FEFF 		bl	zf_gpio_set_level
  76 001a F2E7     		b	.L5
  77              	.L2:
  28:user_code/imu660rb.c ****         }
  29:user_code/imu660rb.c ****         else
  30:user_code/imu660rb.c ****         {
  31:user_code/imu660rb.c ****             zf_gpio_set_level(G14, GPIO_HIGH);                       // 初始化成功红灯熄灭
  78              		.loc 1 31 13
  79 001c 0121     		movs	r1, #1
  80 001e CE20     		movs	r0, #206
  81 0020 FFF7FEFF 		bl	zf_gpio_set_level
  32:user_code/imu660rb.c ****             break;
  82              		.loc 1 32 13
  83 0024 00BF     		nop
  33:user_code/imu660rb.c ****         }
  34:user_code/imu660rb.c ****     }
  35:user_code/imu660rb.c ****     zf_delay_ms(1000);                                               // 延时一段时间，等待
  84              		.loc 1 35 5
  85 0026 4FF47A70 		mov	r0, #1000
  86 002a FFF7FEFF 		bl	zf_delay_ms
  36:user_code/imu660rb.c **** }
  87              		.loc 1 36 1
  88 002e 00BF     		nop
  89 0030 08BD     		pop	{r3, pc}
  90              	.L9:
  91 0032 00BF     		.align	2
  92              	.L8:
  93 0034 00000000 		.word	.LC0
  94              		.cfi_endproc
  95              	.LFE482:
  97              		.section	.text.dlw_imu660rb_calibration,"ax",%progbits
  98              		.align	1
  99              		.p2align 4,,15
 100              		.global	dlw_imu660rb_calibration
 101              		.syntax unified
 102              		.thumb
 103              		.thumb_func
 105              	dlw_imu660rb_calibration:
 106              	.LFB483:
  37:user_code/imu660rb.c **** 
  38:user_code/imu660rb.c **** //-------------------------------------------------------------------------------------------------
  39:user_code/imu660rb.c **** // 函数简介     imu校准
  40:user_code/imu660rb.c **** // 参数说明     void
  41:user_code/imu660rb.c **** // 返回参数     void
  42:user_code/imu660rb.c **** // 使用示例
  43:user_code/imu660rb.c **** // 备注信息
  44:user_code/imu660rb.c **** //-------------------------------------------------------------------------------------------------
  45:user_code/imu660rb.c **** void dlw_imu660rb_calibration(void)
  46:user_code/imu660rb.c **** {
 107              		.loc 1 46 1
 108              		.cfi_startproc
 109              		@ args = 0, pretend = 0, frame = 24
 110              		@ frame_needed = 0, uses_anonymous_args = 0
 111 0000 00B5     		push	{lr}
 112              		.cfi_def_cfa_offset 4
 113              		.cfi_offset 14, -4
 114 0002 87B0     		sub	sp, sp, #28
 115              		.cfi_def_cfa_offset 32
  47:user_code/imu660rb.c ****     uint16 samples = 100;                               // 采集100个样本
 116              		.loc 1 47 12
 117 0004 6423     		movs	r3, #100
 118 0006 ADF80830 		strh	r3, [sp, #8]	@ movhi
  48:user_code/imu660rb.c ****     int32 sum_x = 0, sum_y = 0, sum_z = 0;
 119              		.loc 1 48 11
 120 000a 0023     		movs	r3, #0
 121 000c 0593     		str	r3, [sp, #20]
 122              		.loc 1 48 22
 123 000e 0023     		movs	r3, #0
 124 0010 0493     		str	r3, [sp, #16]
 125              		.loc 1 48 33
 126 0012 0023     		movs	r3, #0
 127 0014 0393     		str	r3, [sp, #12]
 128              	.LBB2:
  49:user_code/imu660rb.c **** 
  50:user_code/imu660rb.c ****     for(uint16 i = 0; i < samples; i++)
 129              		.loc 1 50 16
 130 0016 0023     		movs	r3, #0
 131 0018 ADF80A30 		strh	r3, [sp, #10]	@ movhi
 132              		.loc 1 50 5
 133 001c 1DE0     		b	.L11
 134              	.L12:
 135              	.LBB3:
  51:user_code/imu660rb.c ****     {
  52:user_code/imu660rb.c ****         imu660rb_measurement_data_struct gyro_raw;
  53:user_code/imu660rb.c ****         imu660rb_get_gyro(&gyro_raw);                   // 直接读取原始陀螺仪数据
 136              		.loc 1 53 9 discriminator 3
 137 001e 6B46     		mov	r3, sp
 138 0020 1846     		mov	r0, r3
 139 0022 FFF7FEFF 		bl	imu660rb_get_gyro
  54:user_code/imu660rb.c **** 
  55:user_code/imu660rb.c ****         sum_x += gyro_raw.x;
 140              		.loc 1 55 26 discriminator 3
 141 0026 BDF90030 		ldrsh	r3, [sp]
 142 002a 1A46     		mov	r2, r3
 143              		.loc 1 55 15 discriminator 3
 144 002c 059B     		ldr	r3, [sp, #20]
 145 002e 1344     		add	r3, r3, r2
 146 0030 0593     		str	r3, [sp, #20]
  56:user_code/imu660rb.c ****         sum_y += gyro_raw.y;
 147              		.loc 1 56 26 discriminator 3
 148 0032 BDF90230 		ldrsh	r3, [sp, #2]
 149 0036 1A46     		mov	r2, r3
 150              		.loc 1 56 15 discriminator 3
 151 0038 049B     		ldr	r3, [sp, #16]
 152 003a 1344     		add	r3, r3, r2
 153 003c 0493     		str	r3, [sp, #16]
  57:user_code/imu660rb.c ****         sum_z += gyro_raw.z;
 154              		.loc 1 57 26 discriminator 3
 155 003e BDF90430 		ldrsh	r3, [sp, #4]
 156 0042 1A46     		mov	r2, r3
 157              		.loc 1 57 15 discriminator 3
 158 0044 039B     		ldr	r3, [sp, #12]
 159 0046 1344     		add	r3, r3, r2
 160 0048 0393     		str	r3, [sp, #12]
  58:user_code/imu660rb.c **** 
  59:user_code/imu660rb.c ****         zf_delay_ms(10);                                // 10ms采样间隔
 161              		.loc 1 59 9 discriminator 3
 162 004a 0A20     		movs	r0, #10
 163 004c FFF7FEFF 		bl	zf_delay_ms
 164              	.LBE3:
  50:user_code/imu660rb.c ****     {
 165              		.loc 1 50 37 discriminator 3
 166 0050 BDF80A30 		ldrh	r3, [sp, #10]
 167 0054 0133     		adds	r3, r3, #1
 168 0056 ADF80A30 		strh	r3, [sp, #10]	@ movhi
 169              	.L11:
  50:user_code/imu660rb.c ****     {
 170              		.loc 1 50 5 discriminator 1
 171 005a BDF80A20 		ldrh	r2, [sp, #10]
 172 005e BDF80830 		ldrh	r3, [sp, #8]
 173 0062 9A42     		cmp	r2, r3
 174 0064 DBD3     		bcc	.L12
 175              	.LBE2:
  60:user_code/imu660rb.c ****     }
  61:user_code/imu660rb.c ****     gyro_bias_x = sum_x / samples;
 176              		.loc 1 61 25
 177 0066 BDF80830 		ldrh	r3, [sp, #8]
 178 006a 059A     		ldr	r2, [sp, #20]
 179 006c 92FBF3F3 		sdiv	r3, r2, r3
 180              		.loc 1 61 17
 181 0070 1AB2     		sxth	r2, r3
 182 0072 0C4B     		ldr	r3, .L13
 183 0074 1A80     		strh	r2, [r3]	@ movhi
  62:user_code/imu660rb.c ****     gyro_bias_y = sum_y / samples;
 184              		.loc 1 62 25
 185 0076 BDF80830 		ldrh	r3, [sp, #8]
 186 007a 049A     		ldr	r2, [sp, #16]
 187 007c 92FBF3F3 		sdiv	r3, r2, r3
 188              		.loc 1 62 17
 189 0080 1AB2     		sxth	r2, r3
 190 0082 094B     		ldr	r3, .L13+4
 191 0084 1A80     		strh	r2, [r3]	@ movhi
  63:user_code/imu660rb.c ****     gyro_bias_z = sum_z / samples;
 192              		.loc 1 63 25
 193 0086 BDF80830 		ldrh	r3, [sp, #8]
 194 008a 039A     		ldr	r2, [sp, #12]
 195 008c 92FBF3F3 		sdiv	r3, r2, r3
 196              		.loc 1 63 17
 197 0090 1AB2     		sxth	r2, r3
 198 0092 064B     		ldr	r3, .L13+8
 199 0094 1A80     		strh	r2, [r3]	@ movhi
  64:user_code/imu660rb.c ****     calibration_done = 1;                           // 校准完成标志置位
 200              		.loc 1 64 22
 201 0096 064B     		ldr	r3, .L13+12
 202 0098 0122     		movs	r2, #1
 203 009a 1A70     		strb	r2, [r3]
  65:user_code/imu660rb.c **** }
 204              		.loc 1 65 1
 205 009c 00BF     		nop
 206 009e 07B0     		add	sp, sp, #28
 207              		.cfi_def_cfa_offset 4
 208              		@ sp needed
 209 00a0 5DF804FB 		ldr	pc, [sp], #4
 210              	.L14:
 211              		.align	2
 212              	.L13:
 213 00a4 00000000 		.word	gyro_bias_x
 214 00a8 00000000 		.word	gyro_bias_y
 215 00ac 00000000 		.word	gyro_bias_z
 216 00b0 00000000 		.word	calibration_done
 217              		.cfi_endproc
 218              	.LFE483:
 220              		.text
 221              	.Letext0:
 222              		.file 2 "c:\\stellarstudio-7.0\\sdks\\tools-1.4.0\\toolchain\\arm\\mingw64_nt\\10.3-2021.10\\arm-n
 223              		.file 3 "c:\\stellarstudio-7.0\\sdks\\tools-1.4.0\\toolchain\\arm\\mingw64_nt\\10.3-2021.10\\arm-n
 224              		.file 4 "libraries/zf_common/zf_common_typedef.h"
 225              		.file 5 "C:/StellarStudio-7.0/SDKS/StellarESDK-1.7.0/Modules/Platform/MCU/include/sr5e1/sr5e1xx.h"
 226              		.file 6 "libraries/zf_driver/zf_driver_gpio.h"
 227              		.file 7 "libraries/zf_driver/zf_driver_adc.h"
 228              		.file 8 "libraries/zf_driver/zf_driver_can.h"
 229              		.file 9 "libraries/zf_driver/zf_driver_encoder.h"
 230              		.file 10 "libraries/zf_driver/zf_driver_exti.h"
 231              		.file 11 "libraries/zf_driver/zf_driver_hrtim.h"
 232              		.file 12 "libraries/zf_driver/zf_driver_pwm.h"
 233              		.file 13 "libraries/zf_driver/zf_driver_spi.h"
 234              		.file 14 "libraries/zf_driver/zf_driver_uart.h"
 235              		.file 15 "libraries/zf_device/zf_device_imu_interface.h"
 236              		.file 16 "libraries/zf_device/zf_device_imu660rb.h"
 237              		.file 17 "libraries/zf_device/zf_device_wireless_interface.h"
 238              		.file 18 "libraries/zf_device/zf_device_display_interface.h"
DEFINED SYMBOLS
                            *ABS*:00000000 imu660rb.c
C:\Users\86155\AppData\Local\Temp\ccDpSrpZ.s:23     .bss.gyro_bias_x:00000000 gyro_bias_x
C:\Users\86155\AppData\Local\Temp\ccDpSrpZ.s:20     .bss.gyro_bias_x:00000000 $d
C:\Users\86155\AppData\Local\Temp\ccDpSrpZ.s:30     .bss.gyro_bias_y:00000000 gyro_bias_y
C:\Users\86155\AppData\Local\Temp\ccDpSrpZ.s:27     .bss.gyro_bias_y:00000000 $d
C:\Users\86155\AppData\Local\Temp\ccDpSrpZ.s:37     .bss.gyro_bias_z:00000000 gyro_bias_z
C:\Users\86155\AppData\Local\Temp\ccDpSrpZ.s:34     .bss.gyro_bias_z:00000000 $d
C:\Users\86155\AppData\Local\Temp\ccDpSrpZ.s:40     .rodata:00000000 $d
C:\Users\86155\AppData\Local\Temp\ccDpSrpZ.s:44     .text.dlw_imu660rb_init:00000000 $t
C:\Users\86155\AppData\Local\Temp\ccDpSrpZ.s:51     .text.dlw_imu660rb_init:00000000 dlw_imu660rb_init
C:\Users\86155\AppData\Local\Temp\ccDpSrpZ.s:93     .text.dlw_imu660rb_init:00000034 $d
C:\Users\86155\AppData\Local\Temp\ccDpSrpZ.s:98     .text.dlw_imu660rb_calibration:00000000 $t
C:\Users\86155\AppData\Local\Temp\ccDpSrpZ.s:105    .text.dlw_imu660rb_calibration:00000000 dlw_imu660rb_calibration
C:\Users\86155\AppData\Local\Temp\ccDpSrpZ.s:213    .text.dlw_imu660rb_calibration:000000a4 $d
                           .group:00000000 wm4.0.1ea29c7543256e0887205fa7f8c557c8
                           .group:00000000 wm4._newlib_version.h.4.bfdf54b0af045d4a71376ae00f63a22c
                           .group:00000000 wm4.newlib.h.18.1c9fedb6b3cd797cff253cc0fd593ef2
                           .group:00000000 wm4.ieeefp.h.77.2bc94c1d1ed8b02df437510a04ac1e45
                           .group:00000000 wm4.features.h.22.026edb2397769f4ae13f35900dbdb560
                           .group:00000000 wm4.config.h.224.c701144a7b0518c6ee9b9b5465b79f81
                           .group:00000000 wm4._ansi.h.31.de524f58584151836e90d8620a16f8e8
                           .group:00000000 wm4.stdio.h.31.7c0e28c411445f3f9c5b11accf882760
                           .group:00000000 wm4._default_types.h.6.959254cf5f09734ea7516c89e8bb21bd
                           .group:00000000 wm4.stddef.h.181.c3f52a3b0f4c288bddb5dda1562858e2
                           .group:00000000 wm4.cdefs.h.49.a54b2d5c07711bc7320a3fea9f12cb56
                           .group:00000000 wm4.stddef.h.39.c161261b198ee3a963897077fd6fa59f
                           .group:00000000 wm4.stdarg.h.34.3a23a216c0c293b3d2ea2e89281481e6
                           .group:00000000 wm4._types.h.20.dd0d04dca3800a0d2a6129b87f3adbb2
                           .group:00000000 wm4.stddef.h.155.3588ebfdd1e8c7ede80509bb9c3b8009
                           .group:00000000 wm4._types.h.127.34941de1b2539d59d5cac00e0dd27a45
                           .group:00000000 wm4.reent.h.17.e292bf8b0bec6c96e131a54347145a30
                           .group:00000000 wm4.lock.h.2.1461d1fff82dffe8bfddc23307f6484f
                           .group:00000000 wm4.reent.h.77.dcd6129ff07fe81bd5636db29abe53b2
                           .group:00000000 wm4.types.h.40.8b6acba56cefbb11746718204edc8f5e
                           .group:00000000 wm4._stdint.h.10.c24fa3af3bc1706662bb5593a907e841
                           .group:00000000 wm4._endian.h.31.65a10590763c3dde1ac4a7f66d7d4891
                           .group:00000000 wm4.endian.h.9.49f3a4695c1b61e8a0808de3c4a106cb
                           .group:00000000 wm4._timeval.h.32.bec3221fa7a9bb0bdde696c9c57e47d2
                           .group:00000000 wm4.timespec.h.41.d855182eb0e690443ab8651bcedca6e1
                           .group:00000000 wm4.select.h.19.40cd3f2bfc456b193b790c2754690ebf
                           .group:00000000 wm4.types.h.51.5571ec98f267d17d3c670b7a3ba33afa
                           .group:00000000 wm4.sched.h.22.c60982713a5c428609783c78f9c78d95
                           .group:00000000 wm4._pthreadtypes.h.36.fcee9961c35163dde6267ef772ad1972
                           .group:00000000 wm4.stdio.h.2.4aa87247282eca6c8f36f9de33d8df1a
                           .group:00000000 wm4.stdio.h.81.932d0c162786b883f622b8d05c120c78
                           .group:00000000 wm4._intsup.h.10.48bafbb683905c4daa4565a85aeeb264
                           .group:00000000 wm4.stdint.h.23.d53047a68f4a85177f80b422d52785ed
                           .group:00000000 wm4.string.h.8.c4b8571ce60dff2817f43fec8b86aecd
                           .group:00000000 wm4.stddef.h.155.ba788add86a0e365f264484f110c3c29
                           .group:00000000 wm4.sr5e1xx.h.22.e5c808533cc52ed19fb0830cd7d98924
                           .group:00000000 wm4.cmsis_version.h.32.0f826810625204eca22a19868bdc7586
                           .group:00000000 wm4.core_cm7.h.66.8ab2de36917d6fcae18019067fda13e0
                           .group:00000000 wm4.cmsis_gcc.h.26.498d0ad17a45fc9ef20fdc01caf02259
                           .group:00000000 wm4.core_cm7.h.174.43edb295ecdaadad738f48ba6011ffad
                           .group:00000000 wm4.mpu_armv7.h.32.83326921a797fa9d6f70449916b4b839
                           .group:00000000 wm4.cachel1_armv7.h.32.abd77761a989e008b0c60891114a33c7
                           .group:00000000 wm4.SR5E1_ADC.h.14.21608e6aff125ba995dd767d6d8dc311
                           .group:00000000 wm4.SR5E1_CEM.h.14.01fe5742c8f1ae35b1f3af05932f702e
                           .group:00000000 wm4.SR5E1_CMU.h.14.2617b38b159abe38028862394531e06d
                           .group:00000000 wm4.SR5E1_COMP.h.14.4b6fdfe4f5f7fd9bedf3a99b98bdf4cd
                           .group:00000000 wm4.SR5E1_CORDIC.h.14.354fbf7c9eaf6963d38eaa25cf28ffe8
                           .group:00000000 wm4.SR5E1_CRC.h.14.c64d0f7767671ddb92e9ead0a1162100
                           .group:00000000 wm4.SR5E1_DAC.h.14.8c26a0ff04b0cfeb55306cc3f22187b8
                           .group:00000000 wm4.SR5E1_DBGMCU.h.14.427df893d53a8044654f017ba01c25ed
                           .group:00000000 wm4.SR5E1_DMA.h.14.a7f9a92f844b40a86965798c2e64240b
                           .group:00000000 wm4.SR5E1_DMAMUX.h.14.471b3b4dfd4d41515f1df49493698866
                           .group:00000000 wm4.SR5E1_EXTI.h.14.a325ea3fe89cd84894660551c33241ea
                           .group:00000000 wm4.SR5E1_FCCU.h.14.0ebf0f0f36e079d28613ad2c80e17e23
                           .group:00000000 wm4.SR5E1_FDCAN.h.14.ac57101fad5dbc798bfb93f34c899de7
                           .group:00000000 wm4.SR5E1_FLASH_REG_ITF.h.14.d23d1d44923f9b20b8c8fdb51d66aefd
                           .group:00000000 wm4.SR5E1_GPIO.h.14.1c84071e130d7c64b62470ab0e18a1f1
                           .group:00000000 wm4.SR5E1_HRTIM.h.24.03932387d2522e6bd5c772a4edaf2f5d
                           .group:00000000 wm4.SR5E1_HSEM.h.14.cbe70eee519f01b16452c3f8c99d8df1
                           .group:00000000 wm4.SR5E1_I2C.h.14.350ba3e0f4fd57828457efa80135c36c
                           .group:00000000 wm4.SR5E1_IMA.h.14.62b7088985ab2b7ce9b030a02daa1f7d
                           .group:00000000 wm4.SR5E1_IWDG.h.14.20b7c5f05cf7ae94464c360d7af3660d
                           .group:00000000 wm4.SR5E1_MEMU.h.14.04bad7ae4c52ce334a4fc900aad2ae5b
                           .group:00000000 wm4.SR5E1_NVM_CTRL.h.14.5f442617f0628d4f16258f211c614ef9
                           .group:00000000 wm4.SR5E1_PLLDIG.h.14.bd87a8e6917eee17dae2f312c8e5fa53
                           .group:00000000 wm4.SR5E1_PMC_DIG.h.14.54173b566c6656344766ec4ef46c9281
                           .group:00000000 wm4.SR5E1_RCC.h.14.56734803c71534de286e793a53649740
                           .group:00000000 wm4.SR5E1_RTC.h.14.47037cbc7d8175dbf2be1dc0bb955e3f
                           .group:00000000 wm4.SR5E1_SD_ADC.h.14.552b97d0b8f3c1fd4df6d8964b2f1a80
                           .group:00000000 wm4.SR5E1_SMPU.h.14.8ce5bb6d5d7c579cd725f492f46e9085
                           .group:00000000 wm4.SR5E1_SPI.h.14.42d52112e540f85ade4d9135f8b87d72
                           .group:00000000 wm4.SR5E1_SSCM.h.14.8e6a2ad0ce5fca422fc3d69939b6125b
                           .group:00000000 wm4.SR5E1_SYSCFG.h.14.02b969490118ce4069914b5e94f7ca65
                           .group:00000000 wm4.SR5E1_TDM.h.14.a40ed7928cad243a57fd233fccf01ad2
                           .group:00000000 wm4.SR5E1_TIM.h.14.f17572f4c16f3f152b8164ad25c34f5b
                           .group:00000000 wm4.SR5E1_UART.h.14.eec3ab82b02b3bdb3de500483675b83f
                           .group:00000000 wm4.SR5E1_WWDG.h.14.59b45efc70e442cc6ef03702aad4ad88
                           .group:00000000 wm4.stdbool.h.29.07dce69c3b78884144b7f7bd19483461
                           .group:00000000 wm4.typedefs.h.36.07fe3956b4e751037cfee70edcd0b397
                           .group:00000000 wm4.irq_numbers.h.38.6294b95aed1bf7b3a2cda0eed8ce8f57
                           .group:00000000 wm4.regs.h.23.2ac145b4f57126d16daed5fbd86d99c6
                           .group:00000000 wm4.stdarg.h.31.3fa7b8f6daaa31edd1696c08c77f2a73
                           .group:00000000 wm4.stdlib.h.13.4ed386f5c1a80d71e72172885d946ef2
                           .group:00000000 wm4.alloca.h.8.dfc0c703c47ec3e69746825b17d9e66d
                           .group:00000000 wm4.stdlib.h.56.f4862cfbf4363a1db01842d5bdf72c18
                           .group:00000000 wm4.zf_common_typedef.h.47.8c368673885c9d07221c267e15ab1069
                           .group:00000000 wm4.zf_common_debug.h.33.6d362bbaa8a8ff23e6f5c0a30bf7361f
                           .group:00000000 wm4.zf_common_fifo.h.33.e14e643902e26e4e65437b5b20e82793
                           .group:00000000 wm4.zf_common_function.h.33.02bbfb055e8ee322bc4f8b14ea195da2
                           .group:00000000 wm4.zf_common_memory.h.33.d43647290a4d62164ff2ec77cadb89d8
                           .group:00000000 wm4.saradc.h.25.e5a70aef9ec4fddf35f2b7cc0c9cf1bc
                           .group:00000000 wm4.gpio.h.25.d41a0c19fda8c2de42e666afb48ec15a
                           .group:00000000 wm4.zf_driver_gpio.h.65.5a4d2084c62fed7c22fdca02e748c198
                           .group:00000000 wm4.zf_driver_adc.h.64.349fb433626b42172b0e0fee038428ca
                           .group:00000000 wm4.can.h.25.3cfccb6c630ada4f656cab597e231e58
                           .group:00000000 wm4.dmamux.h.25.337aea179f6dbcc87c52aae26d38f76e
                           .group:00000000 wm4.clock_cfg.h.24.0aed3cee9ecce947225a304181294191
                           .group:00000000 wm4.clock.h.37.80236c5607fdd9eb9275e5111a4191c3
                           .group:00000000 wm4.irq.h.37.78714f25754c8b09d1428599101f6cc7
                           .group:00000000 wm4.dma.h.40.f77dd217a06ceba13a3cfdd4102a73c1
                           .group:00000000 wm4.zf_driver_can.h.67.fd10d2fa867eb54a54d4b57027d73a60
                           .group:00000000 wm4.tim.h.25.6e7ad96569e77a70a68b9b4cc59f54f2
                           .group:00000000 wm4.zf_driver_timer.h.33.8df253b6990d9861816977209fb11e90
                           .group:00000000 wm4.zf_driver_encoder.h.57.7e32999f25354fac086ca226b0c630d4
                           .group:00000000 wm4.exti.h.25.21597c35d9630b0985ce88d2c41f4ea4
                           .group:00000000 wm4.zf_driver_exti.h.59.1b02b8083e5295ef5baaf83905d59395
                           .group:00000000 wm4.ssd_types.h.29.b861f4e6d39d333f931bfc05b964cb1c
                           .group:00000000 wm4.ssd_C55.h.37.dad650468a97d71aff4dd65ca085590f
                           .group:00000000 wm4.zf_driver_flash.h.59.db93fe574c35ea9e79030063fbb35a13
                           .group:00000000 wm4.hrtim.h.25.1601aea9d4a0da1de8252dc444355251
                           .group:00000000 wm4.zf_driver_hrtim.h.64.cd8d2bf3bf1c471ea59d9c61e4a721d7
                           .group:00000000 wm4.zf_driver_interrupt.h.33.2c3660dcc36cb090bd75b8f180c14f27
                           .group:00000000 wm4.zf_driver_pit.h.33.834ac720a62e09d5603a9557331e9049
                           .group:00000000 wm4.zf_driver_pwm.h.33.7d80487064ca712231a453396685a551
                           .group:00000000 wm4.zf_driver_rcc.h.33.4c228cf40a79e1b974b30d5a9a3a77a7
                           .group:00000000 wm4.zf_driver_soft_iic.h.33.9067bd298084134f63c61c075f95fa2b
                           .group:00000000 wm4.zf_driver_soft_spi.h.33.a938287c023905d97cafe56e4be63674
                           .group:00000000 wm4.zf_driver_spi.h.62.950b1f52ed365034df2907601137b455
                           .group:00000000 wm4.zf_driver_system.h.33.370922a9681b47d575d2c83d302a180b
                           .group:00000000 wm4.zf_driver_uart.h.70.ffcf3694337ad0b4066179f1abd5d668
                           .group:00000000 wm4.zf_device_imu_interface.h.40.344a2c93b973b58cee305ff406fc3e84
                           .group:00000000 wm4.zf_device_imu660rb.h.37.b47c39afb47c89c2c82bd28e76457042
                           .group:00000000 wm4.zf_device_imu963ra.h.37.e773f164af6f72dd1b0b6c1242bf99b4
                           .group:00000000 wm4.zf_device_wireless_interface.h.40.da0a07f107014cb0888a26f281971a5b
                           .group:00000000 wm4.zf_device_display_interface.h.79.d8df25e52245efbd97fd6415c8db0a72
                           .group:00000000 wm4.zf_device_ips200.h.37.957fc5e8b291701a6f6b47207b045b77
                           .group:00000000 wm4.math.h.13.b6595ad277a643a6127e1a4515a98f91
                           .group:00000000 wm4.zf_device_gnss.h.66.39fe53860d2d190725612db126de8287
                           .group:00000000 wm4.zf_device_key.h.45.b12f9096d8cc68f085b8fe9fe5b730db
                           .group:00000000 wm4.zf_device_uart_receiver.h.43.9ac9496dcaa4780ef86d21fa439379b4

UNDEFINED SYMBOLS
imu660rb_init
puts
zf_gpio_set_level
zf_delay_ms
imu660rb_get_gyro
calibration_done
