   1              		.cpu cortex-m7
   2              		.arch armv7e-m
   3              		.fpu fpv5-d16
   4              		.eabi_attribute 28, 1
   5              		.eabi_attribute 20, 1
   6              		.eabi_attribute 21, 1
   7              		.eabi_attribute 23, 3
   8              		.eabi_attribute 24, 1
   9              		.eabi_attribute 25, 1
  10              		.eabi_attribute 26, 1
  11              		.eabi_attribute 30, 6
  12              		.eabi_attribute 34, 1
  13              		.eabi_attribute 18, 4
  14              		.file	"moto.c"
  15              		.text
  16              	.Ltext0:
  17              		.cfi_sections	.debug_frame
  18              		.section	.text.dlw_moto_pwm_init,"ax",%progbits
  19              		.align	1
  20              		.p2align 4,,15
  21              		.global	dlw_moto_pwm_init
  22              		.syntax unified
  23              		.thumb
  24              		.thumb_func
  26              	dlw_moto_pwm_init:
  27              	.LFB482:
  28              		.file 1 "user_code/moto.c"
   1:user_code/moto.c **** /*
   2:user_code/moto.c ****  * moto.c
   3:user_code/moto.c ****  *
   4:user_code/moto.c ****  *  Created on: 2025е№ҙ6жңҲ6ж—Ҙ
   5:user_code/moto.c ****  *      Author: еҲҳзҸҲзҗӘ
   6:user_code/moto.c ****  */
   7:user_code/moto.c **** 
   8:user_code/moto.c **** #include "moto.h"
   9:user_code/moto.c **** 
  10:user_code/moto.c **** #define MAX_DUTY            (3000 )                                               // жңҖеӨ§ MAX_DUT
  11:user_code/moto.c **** //-------------------------------------------------------------------------------------------------
  12:user_code/moto.c **** // еҮҪж•°з®Җд»Ӣ     з”өжңәPWMеҲқе§ӢеҢ–
  13:user_code/moto.c **** // иҝ”еӣһеҸӮж•°     void
  14:user_code/moto.c **** // дҪҝз”ЁзӨәдҫӢ
  15:user_code/moto.c **** // еӨҮжіЁдҝЎжҒҜ     PE4еҜ№еә”PWMиҫ“еҮәеј•и„ҡпјҢPE2еҜ№еә”DIRжӯЈеҸҚиҪ¬еј•и„ҡ
  16:user_code/moto.c **** //-------------------------------------------------------------------------------------------------
  17:user_code/moto.c **** void dlw_moto_pwm_init(void)
  18:user_code/moto.c **** {
  29              		.loc 1 18 1
  30              		.cfi_startproc
  31              		@ args = 0, pretend = 0, frame = 0
  32              		@ frame_needed = 0, uses_anonymous_args = 0
  33 0000 08B5     		push	{r3, lr}
  34              		.cfi_def_cfa_offset 8
  35              		.cfi_offset 3, -8
  36              		.cfi_offset 14, -4
  19:user_code/moto.c ****     zf_hrtim_module_init(HRTIM_1, 17000);
  37              		.loc 1 19 5
  38 0002 44F26821 		movw	r1, #17000
  39 0006 0020     		movs	r0, #0
  40 0008 FFF7FEFF 		bl	zf_hrtim_module_init
  20:user_code/moto.c ****     zf_hrtim_channel_init(HRTIM1_CHA1_E4 , 0);
  41              		.loc 1 20 5
  42 000c 0021     		movs	r1, #0
  43 000e 43F28400 		movw	r0, #12420
  44 0012 FFF7FEFF 		bl	zf_hrtim_channel_init
  21:user_code/moto.c ****     zf_hrtim_channel_init(HRTIM1_CHD1_D13, 0);
  45              		.loc 1 21 5
  46 0016 0021     		movs	r1, #0
  47 0018 0648     		ldr	r0, .L2
  48 001a FFF7FEFF 		bl	zf_hrtim_channel_init
  22:user_code/moto.c ****     zf_gpio_init(E2 , GPO_PUSH_PULL, GPIO_HIGH);
  49              		.loc 1 22 5
  50 001e 0122     		movs	r2, #1
  51 0020 1021     		movs	r1, #16
  52 0022 8220     		movs	r0, #130
  53 0024 FFF7FEFF 		bl	zf_gpio_init
  23:user_code/moto.c ****     dlw_set_motor_duty(0);
  54              		.loc 1 23 5
  55 0028 0020     		movs	r0, #0
  56 002a FFF7FEFF 		bl	dlw_set_motor_duty
  24:user_code/moto.c **** }
  57              		.loc 1 24 1
  58 002e 00BF     		nop
  59 0030 08BD     		pop	{r3, pc}
  60              	.L3:
  61 0032 00BF     		.align	2
  62              	.L2:
  63 0034 6D303000 		.word	3158125
  64              		.cfi_endproc
  65              	.LFE482:
  67              		.section	.text.dlw_set_motor_duty,"ax",%progbits
  68              		.align	1
  69              		.p2align 4,,15
  70              		.global	dlw_set_motor_duty
  71              		.syntax unified
  72              		.thumb
  73              		.thumb_func
  75              	dlw_set_motor_duty:
  76              	.LFB483:
  25:user_code/moto.c **** //-------------------------------------------------------------------------------------------------
  26:user_code/moto.c **** // еҮҪж•°з®Җд»Ӣ     з”өжңәи®ҫзҪ®еҚ з©әжҜ”
  27:user_code/moto.c **** // еҸӮж•°иҜҙжҳҺ     duty                иҰҒи®ҫзҪ®зҡ„еҚ з©әжҜ”
  28:user_code/moto.c **** // иҝ”еӣһеҸӮж•°     void
  29:user_code/moto.c **** // дҪҝз”ЁзӨәдҫӢ
  30:user_code/moto.c **** // еӨҮжіЁдҝЎжҒҜ     PE4еҜ№еә”PWMиҫ“еҮәеј•и„ҡпјҢPE2еҜ№еә”DIRжӯЈеҸҚиҪ¬еј•и„ҡ
  31:user_code/moto.c **** //-------------------------------------------------------------------------------------------------
  32:user_code/moto.c **** void dlw_set_motor_duty(uint32 duty)
  33:user_code/moto.c **** {
  77              		.loc 1 33 1
  78              		.cfi_startproc
  79              		@ args = 0, pretend = 0, frame = 8
  80              		@ frame_needed = 0, uses_anonymous_args = 0
  81 0000 00B5     		push	{lr}
  82              		.cfi_def_cfa_offset 4
  83              		.cfi_offset 14, -4
  84 0002 83B0     		sub	sp, sp, #12
  85              		.cfi_def_cfa_offset 16
  86 0004 0190     		str	r0, [sp, #4]
  34:user_code/moto.c ****     if (duty > MAX_DUTY)
  87              		.loc 1 34 8
  88 0006 019B     		ldr	r3, [sp, #4]
  89 0008 40F6B832 		movw	r2, #3000
  90 000c 9342     		cmp	r3, r2
  91 000e 02D9     		bls	.L5
  35:user_code/moto.c ****     {
  36:user_code/moto.c ****         duty = MAX_DUTY;
  92              		.loc 1 36 14
  93 0010 40F6B833 		movw	r3, #3000
  94 0014 0193     		str	r3, [sp, #4]
  95              	.L5:
  37:user_code/moto.c ****     }
  38:user_code/moto.c ****     zf_hrtim_set_duty(HRTIM1_CHA1_E4, duty);
  96              		.loc 1 38 5
  97 0016 0199     		ldr	r1, [sp, #4]
  98 0018 43F28400 		movw	r0, #12420
  99 001c FFF7FEFF 		bl	zf_hrtim_set_duty
  39:user_code/moto.c ****     zf_hrtim_set_duty(HRTIM1_CHD1_D13, duty);
 100              		.loc 1 39 5
 101 0020 0199     		ldr	r1, [sp, #4]
 102 0022 0348     		ldr	r0, .L6
 103 0024 FFF7FEFF 		bl	zf_hrtim_set_duty
  40:user_code/moto.c **** }
 104              		.loc 1 40 1
 105 0028 00BF     		nop
 106 002a 03B0     		add	sp, sp, #12
 107              		.cfi_def_cfa_offset 4
 108              		@ sp needed
 109 002c 5DF804FB 		ldr	pc, [sp], #4
 110              	.L7:
 111              		.align	2
 112              	.L6:
 113 0030 6D303000 		.word	3158125
 114              		.cfi_endproc
 115              	.LFE483:
 117              		.section	.text.dlw_moto_control,"ax",%progbits
 118              		.align	1
 119              		.p2align 4,,15
 120              		.global	dlw_moto_control
 121              		.syntax unified
 122              		.thumb
 123              		.thumb_func
 125              	dlw_moto_control:
 126              	.LFB484:
  41:user_code/moto.c **** 
  42:user_code/moto.c **** //-------------------------------------------------------------------------------------------------
  43:user_code/moto.c **** // еҮҪж•°з®Җд»Ӣ     з”өжңәжҺ§еҲ¶
  44:user_code/moto.c **** // еҸӮж•°иҜҙжҳҺ     channel_data           йҒҘжҺ§еҷЁдј е…Ҙж•°жҚ®
  45:user_code/moto.c **** // иҝ”еӣһеҸӮж•°     void
  46:user_code/moto.c **** // дҪҝз”ЁзӨәдҫӢ
  47:user_code/moto.c **** // еӨҮжіЁдҝЎжҒҜ     PE4еҜ№еә”PWMиҫ“еҮәеј•и„ҡпјҢPE2еҜ№еә”DIRжӯЈеҸҚиҪ¬еј•и„ҡ
  48:user_code/moto.c **** //-------------------------------------------------------------------------------------------------
  49:user_code/moto.c **** void dlw_moto_control(uint16 channel_data)
  50:user_code/moto.c **** {
 127              		.loc 1 50 1
 128              		.cfi_startproc
 129              		@ args = 0, pretend = 0, frame = 8
 130              		@ frame_needed = 0, uses_anonymous_args = 0
 131 0000 00B5     		push	{lr}
 132              		.cfi_def_cfa_offset 4
 133              		.cfi_offset 14, -4
 134 0002 83B0     		sub	sp, sp, #12
 135              		.cfi_def_cfa_offset 16
 136 0004 0346     		mov	r3, r0
 137 0006 ADF80630 		strh	r3, [sp, #6]	@ movhi
  51:user_code/moto.c ****     static uint32 moto_duty = 0;
  52:user_code/moto.c **** 
  53:user_code/moto.c ****     // жӯЈиҪ¬йҖ»иҫ‘пјҡchannel_dataеңЁ1000-1800ж—¶пјҢеҚ з©әжҜ”0еҲ°MAX_DUTYзәҝжҖ§еўһеҠ 
  54:user_code/moto.c ****     if (channel_data > 1000)
 138              		.loc 1 54 8
 139 000a BDF80630 		ldrh	r3, [sp, #6]
 140 000e B3F57A7F 		cmp	r3, #1000
 141 0012 1FD9     		bls	.L9
  55:user_code/moto.c ****     {
  56:user_code/moto.c ****         zf_gpio_set_level(E2, GPIO_HIGH);       // DIRеј•и„ҡй«ҳз”өе№іпјҲжӯЈиҪ¬пјү
 142              		.loc 1 56 9
 143 0014 0121     		movs	r1, #1
 144 0016 8220     		movs	r0, #130
 145 0018 FFF7FEFF 		bl	zf_gpio_set_level
  57:user_code/moto.c ****         moto_duty = (channel_data - 1000) * MAX_DUTY / 800;  // зәҝжҖ§жҳ е°„пјҡ(1800-1000)=800еҜ№еә
 146              		.loc 1 57 35
 147 001c BDF80630 		ldrh	r3, [sp, #6]
 148 0020 A3F57A73 		sub	r3, r3, #1000
 149              		.loc 1 57 43
 150 0024 40F6B832 		movw	r2, #3000
 151 0028 02FB03F3 		mul	r3, r2, r3
 152              		.loc 1 57 54
 153 002c 254A     		ldr	r2, .L13
 154 002e 82FB0312 		smull	r1, r2, r2, r3
 155 0032 1212     		asrs	r2, r2, #8
 156 0034 DB17     		asrs	r3, r3, #31
 157 0036 D31A     		subs	r3, r2, r3
 158 0038 1A46     		mov	r2, r3
 159              		.loc 1 57 19
 160 003a 234B     		ldr	r3, .L13+4
 161 003c 1A60     		str	r2, [r3]
  58:user_code/moto.c ****         if (moto_duty > MAX_DUTY)               // йҷҗеҲ¶жңҖеӨ§еҚ з©әжҜ”пјҲйҳІжӯўи¶…иҢғеӣҙпјү
 162              		.loc 1 58 23
 163 003e 224B     		ldr	r3, .L13+4
 164 0040 1B68     		ldr	r3, [r3]
 165              		.loc 1 58 12
 166 0042 40F6B832 		movw	r2, #3000
 167 0046 9342     		cmp	r3, r2
 168 0048 2CD9     		bls	.L10
  59:user_code/moto.c ****             moto_duty = MAX_DUTY;
 169              		.loc 1 59 23
 170 004a 1F4B     		ldr	r3, .L13+4
 171 004c 40F6B832 		movw	r2, #3000
 172 0050 1A60     		str	r2, [r3]
 173 0052 27E0     		b	.L10
 174              	.L9:
  60:user_code/moto.c ****     }
  61:user_code/moto.c ****     // еҸҚиҪ¬йҖ»иҫ‘пјҡchannel_dataеңЁ200-1000ж—¶пјҢеҚ з©әжҜ”0еҲ°MAX_DUTYзәҝжҖ§еўһеҠ 
  62:user_code/moto.c ****     else if (channel_data < 1000)
 175              		.loc 1 62 13
 176 0054 BDF80630 		ldrh	r3, [sp, #6]
 177 0058 B3F57A7F 		cmp	r3, #1000
 178 005c 1FD2     		bcs	.L11
  63:user_code/moto.c ****     {
  64:user_code/moto.c ****         zf_gpio_set_level(E2, GPIO_LOW);        // DIRеј•и„ҡдҪҺз”өе№іпјҲеҸҚиҪ¬пјү
 179              		.loc 1 64 9
 180 005e 0021     		movs	r1, #0
 181 0060 8220     		movs	r0, #130
 182 0062 FFF7FEFF 		bl	zf_gpio_set_level
  65:user_code/moto.c ****         moto_duty = (1000 - channel_data) * MAX_DUTY / 800;  // зәҝжҖ§жҳ е°„пјҡ(1000-200)=800еҜ№еә”
 183              		.loc 1 65 27
 184 0066 BDF80630 		ldrh	r3, [sp, #6]
 185 006a C3F57A73 		rsb	r3, r3, #1000
 186              		.loc 1 65 43
 187 006e 40F6B832 		movw	r2, #3000
 188 0072 02FB03F3 		mul	r3, r2, r3
 189              		.loc 1 65 54
 190 0076 134A     		ldr	r2, .L13
 191 0078 82FB0312 		smull	r1, r2, r2, r3
 192 007c 1212     		asrs	r2, r2, #8
 193 007e DB17     		asrs	r3, r3, #31
 194 0080 D31A     		subs	r3, r2, r3
 195 0082 1A46     		mov	r2, r3
 196              		.loc 1 65 19
 197 0084 104B     		ldr	r3, .L13+4
 198 0086 1A60     		str	r2, [r3]
  66:user_code/moto.c ****         if (moto_duty > MAX_DUTY)               // йҷҗеҲ¶жңҖеӨ§еҚ з©әжҜ”пјҲйҳІжӯўи¶…иҢғеӣҙпјү
 199              		.loc 1 66 23
 200 0088 0F4B     		ldr	r3, .L13+4
 201 008a 1B68     		ldr	r3, [r3]
 202              		.loc 1 66 12
 203 008c 40F6B832 		movw	r2, #3000
 204 0090 9342     		cmp	r3, r2
 205 0092 07D9     		bls	.L10
  67:user_code/moto.c ****             moto_duty = MAX_DUTY;
 206              		.loc 1 67 23
 207 0094 0C4B     		ldr	r3, .L13+4
 208 0096 40F6B832 		movw	r2, #3000
 209 009a 1A60     		str	r2, [r3]
 210 009c 02E0     		b	.L10
 211              	.L11:
  68:user_code/moto.c ****     }
  69:user_code/moto.c ****     // дёӯй—ҙзӮ№пјҡchannel_data=1000ж—¶пјҢеҚ з©әжҜ”дёә0пјҲз”өжңәеҒңжӯўпјү
  70:user_code/moto.c ****     else
  71:user_code/moto.c ****     {
  72:user_code/moto.c ****         moto_duty = 0;
 212              		.loc 1 72 19
 213 009e 0A4B     		ldr	r3, .L13+4
 214 00a0 0022     		movs	r2, #0
 215 00a2 1A60     		str	r2, [r3]
 216              	.L10:
  73:user_code/moto.c ****     }
  74:user_code/moto.c ****     if(!(uart_receiver.state))
 217              		.loc 1 74 23
 218 00a4 094B     		ldr	r3, .L13+8
 219 00a6 1B7B     		ldrb	r3, [r3, #12]	@ zero_extendqisi2
 220              		.loc 1 74 7
 221 00a8 002B     		cmp	r3, #0
 222 00aa 02D1     		bne	.L12
  75:user_code/moto.c ****     {
  76:user_code/moto.c ****         moto_duty = 0;
 223              		.loc 1 76 19
 224 00ac 064B     		ldr	r3, .L13+4
 225 00ae 0022     		movs	r2, #0
 226 00b0 1A60     		str	r2, [r3]
 227              	.L12:
  77:user_code/moto.c ****     }
  78:user_code/moto.c **** 
  79:user_code/moto.c ****     dlw_set_motor_duty(moto_duty);              // и®ҫзҪ®з”өжңәеҚ з©әжҜ”
 228              		.loc 1 79 5
 229 00b2 054B     		ldr	r3, .L13+4
 230 00b4 1B68     		ldr	r3, [r3]
 231 00b6 1846     		mov	r0, r3
 232 00b8 FFF7FEFF 		bl	dlw_set_motor_duty
  80:user_code/moto.c **** }
 233              		.loc 1 80 1
 234 00bc 00BF     		nop
 235 00be 03B0     		add	sp, sp, #12
 236              		.cfi_def_cfa_offset 4
 237              		@ sp needed
 238 00c0 5DF804FB 		ldr	pc, [sp], #4
 239              	.L14:
 240              		.align	2
 241              	.L13:
 242 00c4 1F85EB51 		.word	1374389535
 243 00c8 00000000 		.word	moto_duty.0
 244 00cc 00000000 		.word	uart_receiver
 245              		.cfi_endproc
 246              	.LFE484:
 248              		.section	.bss.moto_duty.0,"aw",%nobits
 249              		.align	2
 252              	moto_duty.0:
 253 0000 00000000 		.space	4
 254              		.text
 255              	.Letext0:
 256              		.file 2 "libraries/zf_common/zf_common_typedef.h"
 257              		.file 3 "libraries/zf_driver/zf_driver_gpio.h"
 258              		.file 4 "libraries/zf_driver/zf_driver_hrtim.h"
 259              		.file 5 "libraries/zf_device/zf_device_uart_receiver.h"
DEFINED SYMBOLS
                            *ABS*:00000000 moto.c
C:\Users\86155\AppData\Local\Temp\ccrf949u.s:19     .text.dlw_moto_pwm_init:00000000 $t
C:\Users\86155\AppData\Local\Temp\ccrf949u.s:26     .text.dlw_moto_pwm_init:00000000 dlw_moto_pwm_init
C:\Users\86155\AppData\Local\Temp\ccrf949u.s:75     .text.dlw_set_motor_duty:00000000 dlw_set_motor_duty
C:\Users\86155\AppData\Local\Temp\ccrf949u.s:63     .text.dlw_moto_pwm_init:00000034 $d
C:\Users\86155\AppData\Local\Temp\ccrf949u.s:68     .text.dlw_set_motor_duty:00000000 $t
C:\Users\86155\AppData\Local\Temp\ccrf949u.s:113    .text.dlw_set_motor_duty:00000030 $d
C:\Users\86155\AppData\Local\Temp\ccrf949u.s:118    .text.dlw_moto_control:00000000 $t
C:\Users\86155\AppData\Local\Temp\ccrf949u.s:125    .text.dlw_moto_control:00000000 dlw_moto_control
C:\Users\86155\AppData\Local\Temp\ccrf949u.s:242    .text.dlw_moto_control:000000c4 $d
C:\Users\86155\AppData\Local\Temp\ccrf949u.s:252    .bss.moto_duty.0:00000000 moto_duty.0
C:\Users\86155\AppData\Local\Temp\ccrf949u.s:249    .bss.moto_duty.0:00000000 $d
                           .group:00000000 wm4.0.1ea29c7543256e0887205fa7f8c557c8
                           .group:00000000 wm4._newlib_version.h.4.bfdf54b0af045d4a71376ae00f63a22c
                           .group:00000000 wm4.newlib.h.18.1c9fedb6b3cd797cff253cc0fd593ef2
                           .group:00000000 wm4.ieeefp.h.77.2bc94c1d1ed8b02df437510a04ac1e45
                           .group:00000000 wm4.features.h.22.026edb2397769f4ae13f35900dbdb560
                           .group:00000000 wm4.config.h.224.c701144a7b0518c6ee9b9b5465b79f81
                           .group:00000000 wm4._ansi.h.31.de524f58584151836e90d8620a16f8e8
                           .group:00000000 wm4.stdio.h.31.7c0e28c411445f3f9c5b11accf882760
                           .group:00000000 wm4._default_types.h.6.959254cf5f09734ea7516c89e8bb21bd
                           .group:00000000 wm4.stddef.h.181.c3f52a3b0f4c288bddb5dda1562858e2
                           .group:00000000 wm4.cdefs.h.49.a54b2d5c07711bc7320a3fea9f12cb56
                           .group:00000000 wm4.stddef.h.39.c161261b198ee3a963897077fd6fa59f
                           .group:00000000 wm4.stdarg.h.34.3a23a216c0c293b3d2ea2e89281481e6
                           .group:00000000 wm4._types.h.20.dd0d04dca3800a0d2a6129b87f3adbb2
                           .group:00000000 wm4.stddef.h.155.3588ebfdd1e8c7ede80509bb9c3b8009
                           .group:00000000 wm4._types.h.127.34941de1b2539d59d5cac00e0dd27a45
                           .group:00000000 wm4.reent.h.17.e292bf8b0bec6c96e131a54347145a30
                           .group:00000000 wm4.lock.h.2.1461d1fff82dffe8bfddc23307f6484f
                           .group:00000000 wm4.reent.h.77.dcd6129ff07fe81bd5636db29abe53b2
                           .group:00000000 wm4.types.h.40.8b6acba56cefbb11746718204edc8f5e
                           .group:00000000 wm4._stdint.h.10.c24fa3af3bc1706662bb5593a907e841
                           .group:00000000 wm4._endian.h.31.65a10590763c3dde1ac4a7f66d7d4891
                           .group:00000000 wm4.endian.h.9.49f3a4695c1b61e8a0808de3c4a106cb
                           .group:00000000 wm4._timeval.h.32.bec3221fa7a9bb0bdde696c9c57e47d2
                           .group:00000000 wm4.timespec.h.41.d855182eb0e690443ab8651bcedca6e1
                           .group:00000000 wm4.select.h.19.40cd3f2bfc456b193b790c2754690ebf
                           .group:00000000 wm4.types.h.51.5571ec98f267d17d3c670b7a3ba33afa
                           .group:00000000 wm4.sched.h.22.c60982713a5c428609783c78f9c78d95
                           .group:00000000 wm4._pthreadtypes.h.36.fcee9961c35163dde6267ef772ad1972
                           .group:00000000 wm4.stdio.h.2.4aa87247282eca6c8f36f9de33d8df1a
                           .group:00000000 wm4.stdio.h.81.932d0c162786b883f622b8d05c120c78
                           .group:00000000 wm4._intsup.h.10.48bafbb683905c4daa4565a85aeeb264
                           .group:00000000 wm4.stdint.h.23.d53047a68f4a85177f80b422d52785ed
                           .group:00000000 wm4.string.h.8.c4b8571ce60dff2817f43fec8b86aecd
                           .group:00000000 wm4.stddef.h.155.ba788add86a0e365f264484f110c3c29
                           .group:00000000 wm4.sr5e1xx.h.22.e5c808533cc52ed19fb0830cd7d98924
                           .group:00000000 wm4.cmsis_version.h.32.0f826810625204eca22a19868bdc7586
                           .group:00000000 wm4.core_cm7.h.66.8ab2de36917d6fcae18019067fda13e0
                           .group:00000000 wm4.cmsis_gcc.h.26.498d0ad17a45fc9ef20fdc01caf02259
                           .group:00000000 wm4.core_cm7.h.174.43edb295ecdaadad738f48ba6011ffad
                           .group:00000000 wm4.mpu_armv7.h.32.83326921a797fa9d6f70449916b4b839
                           .group:00000000 wm4.cachel1_armv7.h.32.abd77761a989e008b0c60891114a33c7
                           .group:00000000 wm4.SR5E1_ADC.h.14.21608e6aff125ba995dd767d6d8dc311
                           .group:00000000 wm4.SR5E1_CEM.h.14.01fe5742c8f1ae35b1f3af05932f702e
                           .group:00000000 wm4.SR5E1_CMU.h.14.2617b38b159abe38028862394531e06d
                           .group:00000000 wm4.SR5E1_COMP.h.14.4b6fdfe4f5f7fd9bedf3a99b98bdf4cd
                           .group:00000000 wm4.SR5E1_CORDIC.h.14.354fbf7c9eaf6963d38eaa25cf28ffe8
                           .group:00000000 wm4.SR5E1_CRC.h.14.c64d0f7767671ddb92e9ead0a1162100
                           .group:00000000 wm4.SR5E1_DAC.h.14.8c26a0ff04b0cfeb55306cc3f22187b8
                           .group:00000000 wm4.SR5E1_DBGMCU.h.14.427df893d53a8044654f017ba01c25ed
                           .group:00000000 wm4.SR5E1_DMA.h.14.a7f9a92f844b40a86965798c2e64240b
                           .group:00000000 wm4.SR5E1_DMAMUX.h.14.471b3b4dfd4d41515f1df49493698866
                           .group:00000000 wm4.SR5E1_EXTI.h.14.a325ea3fe89cd84894660551c33241ea
                           .group:00000000 wm4.SR5E1_FCCU.h.14.0ebf0f0f36e079d28613ad2c80e17e23
                           .group:00000000 wm4.SR5E1_FDCAN.h.14.ac57101fad5dbc798bfb93f34c899de7
                           .group:00000000 wm4.SR5E1_FLASH_REG_ITF.h.14.d23d1d44923f9b20b8c8fdb51d66aefd
                           .group:00000000 wm4.SR5E1_GPIO.h.14.1c84071e130d7c64b62470ab0e18a1f1
                           .group:00000000 wm4.SR5E1_HRTIM.h.24.03932387d2522e6bd5c772a4edaf2f5d
                           .group:00000000 wm4.SR5E1_HSEM.h.14.cbe70eee519f01b16452c3f8c99d8df1
                           .group:00000000 wm4.SR5E1_I2C.h.14.350ba3e0f4fd57828457efa80135c36c
                           .group:00000000 wm4.SR5E1_IMA.h.14.62b7088985ab2b7ce9b030a02daa1f7d
                           .group:00000000 wm4.SR5E1_IWDG.h.14.20b7c5f05cf7ae94464c360d7af3660d
                           .group:00000000 wm4.SR5E1_MEMU.h.14.04bad7ae4c52ce334a4fc900aad2ae5b
                           .group:00000000 wm4.SR5E1_NVM_CTRL.h.14.5f442617f0628d4f16258f211c614ef9
                           .group:00000000 wm4.SR5E1_PLLDIG.h.14.bd87a8e6917eee17dae2f312c8e5fa53
                           .group:00000000 wm4.SR5E1_PMC_DIG.h.14.54173b566c6656344766ec4ef46c9281
                           .group:00000000 wm4.SR5E1_RCC.h.14.56734803c71534de286e793a53649740
                           .group:00000000 wm4.SR5E1_RTC.h.14.47037cbc7d8175dbf2be1dc0bb955e3f
                           .group:00000000 wm4.SR5E1_SD_ADC.h.14.552b97d0b8f3c1fd4df6d8964b2f1a80
                           .group:00000000 wm4.SR5E1_SMPU.h.14.8ce5bb6d5d7c579cd725f492f46e9085
                           .group:00000000 wm4.SR5E1_SPI.h.14.42d52112e540f85ade4d9135f8b87d72
                           .group:00000000 wm4.SR5E1_SSCM.h.14.8e6a2ad0ce5fca422fc3d69939b6125b
                           .group:00000000 wm4.SR5E1_SYSCFG.h.14.02b969490118ce4069914b5e94f7ca65
                           .group:00000000 wm4.SR5E1_TDM.h.14.a40ed7928cad243a57fd233fccf01ad2
                           .group:00000000 wm4.SR5E1_TIM.h.14.f17572f4c16f3f152b8164ad25c34f5b
                           .group:00000000 wm4.SR5E1_UART.h.14.eec3ab82b02b3bdb3de500483675b83f
                           .group:00000000 wm4.SR5E1_WWDG.h.14.59b45efc70e442cc6ef03702aad4ad88
                           .group:00000000 wm4.stdbool.h.29.07dce69c3b78884144b7f7bd19483461
                           .group:00000000 wm4.typedefs.h.36.07fe3956b4e751037cfee70edcd0b397
                           .group:00000000 wm4.irq_numbers.h.38.6294b95aed1bf7b3a2cda0eed8ce8f57
                           .group:00000000 wm4.regs.h.23.2ac145b4f57126d16daed5fbd86d99c6
                           .group:00000000 wm4.stdarg.h.31.3fa7b8f6daaa31edd1696c08c77f2a73
                           .group:00000000 wm4.stdlib.h.13.4ed386f5c1a80d71e72172885d946ef2
                           .group:00000000 wm4.alloca.h.8.dfc0c703c47ec3e69746825b17d9e66d
                           .group:00000000 wm4.stdlib.h.56.f4862cfbf4363a1db01842d5bdf72c18
                           .group:00000000 wm4.zf_common_typedef.h.47.8c368673885c9d07221c267e15ab1069
                           .group:00000000 wm4.zf_common_debug.h.33.6d362bbaa8a8ff23e6f5c0a30bf7361f
                           .group:00000000 wm4.zf_common_fifo.h.33.e14e643902e26e4e65437b5b20e82793
                           .group:00000000 wm4.zf_common_function.h.33.02bbfb055e8ee322bc4f8b14ea195da2
                           .group:00000000 wm4.zf_common_memory.h.33.d43647290a4d62164ff2ec77cadb89d8
                           .group:00000000 wm4.saradc.h.25.e5a70aef9ec4fddf35f2b7cc0c9cf1bc
                           .group:00000000 wm4.gpio.h.25.d41a0c19fda8c2de42e666afb48ec15a
                           .group:00000000 wm4.zf_driver_gpio.h.65.5a4d2084c62fed7c22fdca02e748c198
                           .group:00000000 wm4.zf_driver_adc.h.64.349fb433626b42172b0e0fee038428ca
                           .group:00000000 wm4.can.h.25.3cfccb6c630ada4f656cab597e231e58
                           .group:00000000 wm4.dmamux.h.25.337aea179f6dbcc87c52aae26d38f76e
                           .group:00000000 wm4.clock_cfg.h.24.0aed3cee9ecce947225a304181294191
                           .group:00000000 wm4.clock.h.37.80236c5607fdd9eb9275e5111a4191c3
                           .group:00000000 wm4.irq.h.37.78714f25754c8b09d1428599101f6cc7
                           .group:00000000 wm4.dma.h.40.f77dd217a06ceba13a3cfdd4102a73c1
                           .group:00000000 wm4.zf_driver_can.h.67.fd10d2fa867eb54a54d4b57027d73a60
                           .group:00000000 wm4.tim.h.25.6e7ad96569e77a70a68b9b4cc59f54f2
                           .group:00000000 wm4.zf_driver_timer.h.33.8df253b6990d9861816977209fb11e90
                           .group:00000000 wm4.zf_driver_encoder.h.57.7e32999f25354fac086ca226b0c630d4
                           .group:00000000 wm4.exti.h.25.21597c35d9630b0985ce88d2c41f4ea4
                           .group:00000000 wm4.zf_driver_exti.h.59.1b02b8083e5295ef5baaf83905d59395
                           .group:00000000 wm4.ssd_types.h.29.b861f4e6d39d333f931bfc05b964cb1c
                           .group:00000000 wm4.ssd_C55.h.37.dad650468a97d71aff4dd65ca085590f
                           .group:00000000 wm4.zf_driver_flash.h.59.db93fe574c35ea9e79030063fbb35a13
                           .group:00000000 wm4.hrtim.h.25.1601aea9d4a0da1de8252dc444355251
                           .group:00000000 wm4.zf_driver_hrtim.h.64.cd8d2bf3bf1c471ea59d9c61e4a721d7
                           .group:00000000 wm4.zf_driver_interrupt.h.33.2c3660dcc36cb090bd75b8f180c14f27
                           .group:00000000 wm4.zf_driver_pit.h.33.834ac720a62e09d5603a9557331e9049
                           .group:00000000 wm4.zf_driver_pwm.h.33.7d80487064ca712231a453396685a551
                           .group:00000000 wm4.zf_driver_rcc.h.33.4c228cf40a79e1b974b30d5a9a3a77a7
                           .group:00000000 wm4.zf_driver_soft_iic.h.33.9067bd298084134f63c61c075f95fa2b
                           .group:00000000 wm4.zf_driver_soft_spi.h.33.a938287c023905d97cafe56e4be63674
                           .group:00000000 wm4.zf_driver_spi.h.62.950b1f52ed365034df2907601137b455
                           .group:00000000 wm4.zf_driver_system.h.33.370922a9681b47d575d2c83d302a180b
                           .group:00000000 wm4.zf_driver_uart.h.70.ffcf3694337ad0b4066179f1abd5d668
                           .group:00000000 wm4.zf_device_imu_interface.h.40.344a2c93b973b58cee305ff406fc3e84
                           .group:00000000 wm4.zf_device_imu660rb.h.37.b47c39afb47c89c2c82bd28e76457042
                           .group:00000000 wm4.zf_device_imu963ra.h.37.e773f164af6f72dd1b0b6c1242bf99b4
                           .group:00000000 wm4.zf_device_wireless_interface.h.40.da0a07f107014cb0888a26f281971a5b
                           .group:00000000 wm4.zf_device_display_interface.h.79.d8df25e52245efbd97fd6415c8db0a72
                           .group:00000000 wm4.zf_device_ips200.h.37.957fc5e8b291701a6f6b47207b045b77
                           .group:00000000 wm4.math.h.13.b6595ad277a643a6127e1a4515a98f91
                           .group:00000000 wm4.zf_device_gnss.h.66.39fe53860d2d190725612db126de8287
                           .group:00000000 wm4.zf_device_key.h.45.b12f9096d8cc68f085b8fe9fe5b730db
                           .group:00000000 wm4.zf_device_uart_receiver.h.43.9ac9496dcaa4780ef86d21fa439379b4

UNDEFINED SYMBOLS
zf_hrtim_module_init
zf_hrtim_channel_init
zf_gpio_init
zf_hrtim_set_duty
zf_gpio_set_level
uart_receiver
