   1              		.cpu cortex-m7
   2              		.arch armv7e-m
   3              		.fpu fpv5-d16
   4              		.eabi_attribute 28, 1
   5              		.eabi_attribute 20, 1
   6              		.eabi_attribute 21, 1
   7              		.eabi_attribute 23, 3
   8              		.eabi_attribute 24, 1
   9              		.eabi_attribute 25, 1
  10              		.eabi_attribute 26, 1
  11              		.eabi_attribute 30, 6
  12              		.eabi_attribute 34, 1
  13              		.eabi_attribute 18, 4
  14              		.file	"encoder.c"
  15              		.text
  16              	.Ltext0:
  17              		.cfi_sections	.debug_frame
  18              		.global	sudo_PID
  19              		.section	.bss.sudo_PID,"aw",%nobits
  20              		.align	2
  23              	sudo_PID:
  24 0000 00000000 		.space	32
  24      00000000 
  24      00000000 
  24      00000000 
  24      00000000 
  25              		.section	.text.encoder_PID_init,"ax",%progbits
  26              		.align	1
  27              		.p2align 4,,15
  28              		.global	encoder_PID_init
  29              		.syntax unified
  30              		.thumb
  31              		.thumb_func
  33              	encoder_PID_init:
  34              	.LFB482:
  35              		.file 1 "user_code/encoder.c"
   1:user_code/encoder.c **** #include "encoder.h"
   2:user_code/encoder.c **** #include "moto.h"
   3:user_code/encoder.c **** /*
   4:user_code/encoder.c ****  * encoder.c
   5:user_code/encoder.c ****  *
   6:user_code/encoder.c ****  *  Created on: 2025年8月4日
   7:user_code/encoder.c ****  *      Author: 27962
   8:user_code/encoder.c ****  */
   9:user_code/encoder.c **** SUDO sudo_PID;
  10:user_code/encoder.c **** void encoder_PID_init(float P,float I ,float D)
  11:user_code/encoder.c **** {
  36              		.loc 1 11 1
  37              		.cfi_startproc
  38              		@ args = 0, pretend = 0, frame = 16
  39              		@ frame_needed = 0, uses_anonymous_args = 0
  40              		@ link register save eliminated.
  41 0000 84B0     		sub	sp, sp, #16
  42              		.cfi_def_cfa_offset 16
  43 0002 8DED030A 		vstr.32	s0, [sp, #12]
  44 0006 CDED020A 		vstr.32	s1, [sp, #8]
  45 000a 8DED011A 		vstr.32	s2, [sp, #4]
  12:user_code/encoder.c **** 	sudo_PID.Kp = P;
  46              		.loc 1 12 14
  47 000e 064A     		ldr	r2, .L2
  48 0010 039B     		ldr	r3, [sp, #12]	@ float
  49 0012 1360     		str	r3, [r2]	@ float
  13:user_code/encoder.c **** 	sudo_PID.Ki = I;
  50              		.loc 1 13 14
  51 0014 044A     		ldr	r2, .L2
  52 0016 029B     		ldr	r3, [sp, #8]	@ float
  53 0018 5360     		str	r3, [r2, #4]	@ float
  14:user_code/encoder.c **** 	sudo_PID.Kd = D;
  54              		.loc 1 14 14
  55 001a 034A     		ldr	r2, .L2
  56 001c 019B     		ldr	r3, [sp, #4]	@ float
  57 001e 9360     		str	r3, [r2, #8]	@ float
  15:user_code/encoder.c **** }
  58              		.loc 1 15 1
  59 0020 00BF     		nop
  60 0022 04B0     		add	sp, sp, #16
  61              		.cfi_def_cfa_offset 0
  62              		@ sp needed
  63 0024 7047     		bx	lr
  64              	.L3:
  65 0026 00BF     		.align	2
  66              	.L2:
  67 0028 00000000 		.word	sudo_PID
  68              		.cfi_endproc
  69              	.LFE482:
  71              		.global	integral
  72              		.section	.bss.integral,"aw",%nobits
  73              		.align	2
  76              	integral:
  77 0000 00000000 		.space	4
  78              		.section	.text.encoder_PID_output,"ax",%progbits
  79              		.align	1
  80              		.p2align 4,,15
  81              		.global	encoder_PID_output
  82              		.syntax unified
  83              		.thumb
  84              		.thumb_func
  86              	encoder_PID_output:
  87              	.LFB483:
  16:user_code/encoder.c **** float integral=0;
  17:user_code/encoder.c **** void encoder_PID_output(float current_sudo)
  18:user_code/encoder.c **** {
  88              		.loc 1 18 1
  89              		.cfi_startproc
  90              		@ args = 0, pretend = 0, frame = 16
  91              		@ frame_needed = 0, uses_anonymous_args = 0
  92              		@ link register save eliminated.
  93 0000 84B0     		sub	sp, sp, #16
  94              		.cfi_def_cfa_offset 16
  95 0002 8DED010A 		vstr.32	s0, [sp, #4]
  19:user_code/encoder.c **** 	sudo_PID.error = sudo_PID.sudo_setpoint - current_sudo;
  96              		.loc 1 19 27
  97 0006 314B     		ldr	r3, .L15
  98 0008 93ED057A 		vldr.32	s14, [r3, #20]
  99              		.loc 1 19 42
 100 000c DDED017A 		vldr.32	s15, [sp, #4]
 101 0010 77EE677A 		vsub.f32	s15, s14, s15
 102              		.loc 1 19 17
 103 0014 2D4B     		ldr	r3, .L15
 104 0016 C3ED037A 		vstr.32	s15, [r3, #12]
  20:user_code/encoder.c **** 
  21:user_code/encoder.c **** 	float proportional = sudo_PID.Kp * sudo_PID.error;
 105              		.loc 1 21 31
 106 001a 2C4B     		ldr	r3, .L15
 107 001c 93ED007A 		vldr.32	s14, [r3]
 108              		.loc 1 21 45
 109 0020 2A4B     		ldr	r3, .L15
 110 0022 D3ED037A 		vldr.32	s15, [r3, #12]
 111              		.loc 1 21 8
 112 0026 67EE277A 		vmul.f32	s15, s14, s15
 113 002a CDED037A 		vstr.32	s15, [sp, #12]
  22:user_code/encoder.c **** 	sudo_PID.integral += sudo_PID.error;
 114              		.loc 1 22 20
 115 002e 274B     		ldr	r3, .L15
 116 0030 93ED067A 		vldr.32	s14, [r3, #24]
 117              		.loc 1 22 31
 118 0034 254B     		ldr	r3, .L15
 119 0036 D3ED037A 		vldr.32	s15, [r3, #12]
 120              		.loc 1 22 20
 121 003a 77EE277A 		vadd.f32	s15, s14, s15
 122 003e 234B     		ldr	r3, .L15
 123 0040 C3ED067A 		vstr.32	s15, [r3, #24]
  23:user_code/encoder.c **** 	if(sudo_PID.integral <= 30000)
 124              		.loc 1 23 13
 125 0044 214B     		ldr	r3, .L15
 126 0046 D3ED067A 		vldr.32	s15, [r3, #24]
 127              		.loc 1 23 4
 128 004a 9FED217A 		vldr.32	s14, .L15+4
 129 004e F4EEC77A 		vcmpe.f32	s15, s14
 130 0052 F1EE10FA 		vmrs	APSR_nzcv, FPSCR
 131 0056 0BD8     		bhi	.L13
  24:user_code/encoder.c **** 	{
  25:user_code/encoder.c **** 		sudo_PID.integral += sudo_PID.error;
 132              		.loc 1 25 21
 133 0058 1C4B     		ldr	r3, .L15
 134 005a 93ED067A 		vldr.32	s14, [r3, #24]
 135              		.loc 1 25 32
 136 005e 1B4B     		ldr	r3, .L15
 137 0060 D3ED037A 		vldr.32	s15, [r3, #12]
 138              		.loc 1 25 21
 139 0064 77EE277A 		vadd.f32	s15, s14, s15
 140 0068 184B     		ldr	r3, .L15
 141 006a C3ED067A 		vstr.32	s15, [r3, #24]
 142 006e 02E0     		b	.L7
 143              	.L13:
  26:user_code/encoder.c **** 	}
  27:user_code/encoder.c **** 	else
  28:user_code/encoder.c **** 	{
  29:user_code/encoder.c **** 		sudo_PID.integral = 10000;
 144              		.loc 1 29 21
 145 0070 164B     		ldr	r3, .L15
 146 0072 184A     		ldr	r2, .L15+8
 147 0074 9A61     		str	r2, [r3, #24]	@ float
 148              	.L7:
  30:user_code/encoder.c **** 	}
  31:user_code/encoder.c **** 	if(integral <= 30000)
 149              		.loc 1 31 14
 150 0076 184B     		ldr	r3, .L15+12
 151 0078 D3ED007A 		vldr.32	s15, [r3]
 152              		.loc 1 31 4
 153 007c 9FED147A 		vldr.32	s14, .L15+4
 154 0080 F4EEC77A 		vcmpe.f32	s15, s14
 155 0084 F1EE10FA 		vmrs	APSR_nzcv, FPSCR
 156 0088 0BD8     		bhi	.L14
  32:user_code/encoder.c **** 	{
  33:user_code/encoder.c **** 		integral = sudo_PID.Ki * sudo_PID.integral;
 157              		.loc 1 33 22
 158 008a 104B     		ldr	r3, .L15
 159 008c 93ED017A 		vldr.32	s14, [r3, #4]
 160              		.loc 1 33 36
 161 0090 0E4B     		ldr	r3, .L15
 162 0092 D3ED067A 		vldr.32	s15, [r3, #24]
 163              		.loc 1 33 26
 164 0096 67EE277A 		vmul.f32	s15, s14, s15
 165              		.loc 1 33 12
 166 009a 0F4B     		ldr	r3, .L15+12
 167 009c C3ED007A 		vstr.32	s15, [r3]
 168 00a0 03E0     		b	.L10
 169              	.L14:
  34:user_code/encoder.c **** 	}
  35:user_code/encoder.c **** 	else
  36:user_code/encoder.c **** 	{
  37:user_code/encoder.c **** 		sudo_PID.integral = 0;
 170              		.loc 1 37 21
 171 00a2 0A4B     		ldr	r3, .L15
 172 00a4 4FF00002 		mov	r2, #0
 173 00a8 9A61     		str	r2, [r3, #24]	@ float
 174              	.L10:
  38:user_code/encoder.c **** 	}
  39:user_code/encoder.c **** 
  40:user_code/encoder.c **** 
  41:user_code/encoder.c **** 	sudo_PID.sudo_out = proportional + integral;
 175              		.loc 1 41 35
 176 00aa 0B4B     		ldr	r3, .L15+12
 177 00ac 93ED007A 		vldr.32	s14, [r3]
 178 00b0 DDED037A 		vldr.32	s15, [sp, #12]
 179 00b4 77EE277A 		vadd.f32	s15, s14, s15
 180              		.loc 1 41 20
 181 00b8 FCEEE77A 		vcvt.u32.f32	s15, s15
 182 00bc 17EE902A 		vmov	r2, s15	@ int
 183 00c0 024B     		ldr	r3, .L15
 184 00c2 DA61     		str	r2, [r3, #28]
  42:user_code/encoder.c **** }
 185              		.loc 1 42 1
 186 00c4 00BF     		nop
 187 00c6 04B0     		add	sp, sp, #16
 188              		.cfi_def_cfa_offset 0
 189              		@ sp needed
 190 00c8 7047     		bx	lr
 191              	.L16:
 192 00ca 00BF     		.align	2
 193              	.L15:
 194 00cc 00000000 		.word	sudo_PID
 195 00d0 0060EA46 		.word	1189765120
 196 00d4 00401C46 		.word	1176256512
 197 00d8 00000000 		.word	integral
 198              		.cfi_endproc
 199              	.LFE483:
 201              		.section	.text.encoder_contorl_sudo,"ax",%progbits
 202              		.align	1
 203              		.p2align 4,,15
 204              		.global	encoder_contorl_sudo
 205              		.syntax unified
 206              		.thumb
 207              		.thumb_func
 209              	encoder_contorl_sudo:
 210              	.LFB484:
  43:user_code/encoder.c **** void encoder_contorl_sudo(float setsudo , float current_sudo)
  44:user_code/encoder.c **** {
 211              		.loc 1 44 1
 212              		.cfi_startproc
 213              		@ args = 0, pretend = 0, frame = 8
 214              		@ frame_needed = 0, uses_anonymous_args = 0
 215 0000 00B5     		push	{lr}
 216              		.cfi_def_cfa_offset 4
 217              		.cfi_offset 14, -4
 218 0002 83B0     		sub	sp, sp, #12
 219              		.cfi_def_cfa_offset 16
 220 0004 8DED010A 		vstr.32	s0, [sp, #4]
 221 0008 CDED000A 		vstr.32	s1, [sp]
  45:user_code/encoder.c **** 	sudo_PID.sudo_setpoint = setsudo;
 222              		.loc 1 45 25
 223 000c 074A     		ldr	r2, .L18
 224 000e 019B     		ldr	r3, [sp, #4]	@ float
 225 0010 5361     		str	r3, [r2, #20]	@ float
  46:user_code/encoder.c **** 	encoder_PID_output(current_sudo);
 226              		.loc 1 46 2
 227 0012 9DED000A 		vldr.32	s0, [sp]
 228 0016 FFF7FEFF 		bl	encoder_PID_output
  47:user_code/encoder.c **** 	dlw_set_motor_duty(sudo_PID.sudo_out);
 229              		.loc 1 47 2
 230 001a 044B     		ldr	r3, .L18
 231 001c DB69     		ldr	r3, [r3, #28]
 232 001e 1846     		mov	r0, r3
 233 0020 FFF7FEFF 		bl	dlw_set_motor_duty
  48:user_code/encoder.c **** }
 234              		.loc 1 48 1
 235 0024 00BF     		nop
 236 0026 03B0     		add	sp, sp, #12
 237              		.cfi_def_cfa_offset 4
 238              		@ sp needed
 239 0028 5DF804FB 		ldr	pc, [sp], #4
 240              	.L19:
 241              		.align	2
 242              	.L18:
 243 002c 00000000 		.word	sudo_PID
 244              		.cfi_endproc
 245              	.LFE484:
 247              		.text
 248              	.Letext0:
 249              		.file 2 "c:\\stellarstudio-7.0\\sdks\\tools-1.4.0\\toolchain\\arm\\mingw64_nt\\10.3-2021.10\\arm-n
 250              		.file 3 "c:\\stellarstudio-7.0\\sdks\\tools-1.4.0\\toolchain\\arm\\mingw64_nt\\10.3-2021.10\\arm-n
 251              		.file 4 "libraries/zf_common/zf_common_typedef.h"
 252              		.file 5 "user_code/encoder.h"
 253              		.file 6 "C:/StellarStudio-7.0/SDKS/StellarESDK-1.7.0/Modules/Platform/MCU/include/sr5e1/sr5e1xx.h"
 254              		.file 7 "libraries/zf_driver/zf_driver_gpio.h"
 255              		.file 8 "libraries/zf_driver/zf_driver_adc.h"
 256              		.file 9 "libraries/zf_driver/zf_driver_can.h"
 257              		.file 10 "libraries/zf_driver/zf_driver_encoder.h"
 258              		.file 11 "libraries/zf_driver/zf_driver_exti.h"
 259              		.file 12 "libraries/zf_driver/zf_driver_hrtim.h"
 260              		.file 13 "libraries/zf_driver/zf_driver_pwm.h"
 261              		.file 14 "libraries/zf_driver/zf_driver_spi.h"
 262              		.file 15 "libraries/zf_driver/zf_driver_uart.h"
 263              		.file 16 "libraries/zf_device/zf_device_imu_interface.h"
 264              		.file 17 "libraries/zf_device/zf_device_wireless_interface.h"
 265              		.file 18 "libraries/zf_device/zf_device_display_interface.h"
DEFINED SYMBOLS
                            *ABS*:00000000 encoder.c
C:\Users\86155\AppData\Local\Temp\ccmsL8Ei.s:23     .bss.sudo_PID:00000000 sudo_PID
C:\Users\86155\AppData\Local\Temp\ccmsL8Ei.s:20     .bss.sudo_PID:00000000 $d
C:\Users\86155\AppData\Local\Temp\ccmsL8Ei.s:26     .text.encoder_PID_init:00000000 $t
C:\Users\86155\AppData\Local\Temp\ccmsL8Ei.s:33     .text.encoder_PID_init:00000000 encoder_PID_init
C:\Users\86155\AppData\Local\Temp\ccmsL8Ei.s:67     .text.encoder_PID_init:00000028 $d
C:\Users\86155\AppData\Local\Temp\ccmsL8Ei.s:76     .bss.integral:00000000 integral
C:\Users\86155\AppData\Local\Temp\ccmsL8Ei.s:73     .bss.integral:00000000 $d
C:\Users\86155\AppData\Local\Temp\ccmsL8Ei.s:79     .text.encoder_PID_output:00000000 $t
C:\Users\86155\AppData\Local\Temp\ccmsL8Ei.s:86     .text.encoder_PID_output:00000000 encoder_PID_output
C:\Users\86155\AppData\Local\Temp\ccmsL8Ei.s:194    .text.encoder_PID_output:000000cc $d
C:\Users\86155\AppData\Local\Temp\ccmsL8Ei.s:202    .text.encoder_contorl_sudo:00000000 $t
C:\Users\86155\AppData\Local\Temp\ccmsL8Ei.s:209    .text.encoder_contorl_sudo:00000000 encoder_contorl_sudo
C:\Users\86155\AppData\Local\Temp\ccmsL8Ei.s:243    .text.encoder_contorl_sudo:0000002c $d
                           .group:00000000 wm4.0.1ea29c7543256e0887205fa7f8c557c8
                           .group:00000000 wm4._newlib_version.h.4.bfdf54b0af045d4a71376ae00f63a22c
                           .group:00000000 wm4.newlib.h.18.1c9fedb6b3cd797cff253cc0fd593ef2
                           .group:00000000 wm4.ieeefp.h.77.2bc94c1d1ed8b02df437510a04ac1e45
                           .group:00000000 wm4.features.h.22.026edb2397769f4ae13f35900dbdb560
                           .group:00000000 wm4.config.h.224.c701144a7b0518c6ee9b9b5465b79f81
                           .group:00000000 wm4._ansi.h.31.de524f58584151836e90d8620a16f8e8
                           .group:00000000 wm4.stdio.h.31.7c0e28c411445f3f9c5b11accf882760
                           .group:00000000 wm4._default_types.h.6.959254cf5f09734ea7516c89e8bb21bd
                           .group:00000000 wm4.stddef.h.181.c3f52a3b0f4c288bddb5dda1562858e2
                           .group:00000000 wm4.cdefs.h.49.a54b2d5c07711bc7320a3fea9f12cb56
                           .group:00000000 wm4.stddef.h.39.c161261b198ee3a963897077fd6fa59f
                           .group:00000000 wm4.stdarg.h.34.3a23a216c0c293b3d2ea2e89281481e6
                           .group:00000000 wm4._types.h.20.dd0d04dca3800a0d2a6129b87f3adbb2
                           .group:00000000 wm4.stddef.h.155.3588ebfdd1e8c7ede80509bb9c3b8009
                           .group:00000000 wm4._types.h.127.34941de1b2539d59d5cac00e0dd27a45
                           .group:00000000 wm4.reent.h.17.e292bf8b0bec6c96e131a54347145a30
                           .group:00000000 wm4.lock.h.2.1461d1fff82dffe8bfddc23307f6484f
                           .group:00000000 wm4.reent.h.77.dcd6129ff07fe81bd5636db29abe53b2
                           .group:00000000 wm4.types.h.40.8b6acba56cefbb11746718204edc8f5e
                           .group:00000000 wm4._stdint.h.10.c24fa3af3bc1706662bb5593a907e841
                           .group:00000000 wm4._endian.h.31.65a10590763c3dde1ac4a7f66d7d4891
                           .group:00000000 wm4.endian.h.9.49f3a4695c1b61e8a0808de3c4a106cb
                           .group:00000000 wm4._timeval.h.32.bec3221fa7a9bb0bdde696c9c57e47d2
                           .group:00000000 wm4.timespec.h.41.d855182eb0e690443ab8651bcedca6e1
                           .group:00000000 wm4.select.h.19.40cd3f2bfc456b193b790c2754690ebf
                           .group:00000000 wm4.types.h.51.5571ec98f267d17d3c670b7a3ba33afa
                           .group:00000000 wm4.sched.h.22.c60982713a5c428609783c78f9c78d95
                           .group:00000000 wm4._pthreadtypes.h.36.fcee9961c35163dde6267ef772ad1972
                           .group:00000000 wm4.stdio.h.2.4aa87247282eca6c8f36f9de33d8df1a
                           .group:00000000 wm4.stdio.h.81.932d0c162786b883f622b8d05c120c78
                           .group:00000000 wm4._intsup.h.10.48bafbb683905c4daa4565a85aeeb264
                           .group:00000000 wm4.stdint.h.23.d53047a68f4a85177f80b422d52785ed
                           .group:00000000 wm4.stdbool.h.29.07dce69c3b78884144b7f7bd19483461
                           .group:00000000 wm4.stdarg.h.31.3fa7b8f6daaa31edd1696c08c77f2a73
                           .group:00000000 wm4.string.h.8.c4b8571ce60dff2817f43fec8b86aecd
                           .group:00000000 wm4.stddef.h.155.ba788add86a0e365f264484f110c3c29
                           .group:00000000 wm4.stdlib.h.13.4ed386f5c1a80d71e72172885d946ef2
                           .group:00000000 wm4.alloca.h.8.dfc0c703c47ec3e69746825b17d9e66d
                           .group:00000000 wm4.stdlib.h.56.f4862cfbf4363a1db01842d5bdf72c18
                           .group:00000000 wm4.zf_common_typedef.h.47.8c368673885c9d07221c267e15ab1069
                           .group:00000000 wm4.math.h.13.b6595ad277a643a6127e1a4515a98f91
                           .group:00000000 wm4.sr5e1xx.h.22.e5c808533cc52ed19fb0830cd7d98924
                           .group:00000000 wm4.cmsis_version.h.32.0f826810625204eca22a19868bdc7586
                           .group:00000000 wm4.core_cm7.h.66.8ab2de36917d6fcae18019067fda13e0
                           .group:00000000 wm4.cmsis_gcc.h.26.498d0ad17a45fc9ef20fdc01caf02259
                           .group:00000000 wm4.core_cm7.h.174.43edb295ecdaadad738f48ba6011ffad
                           .group:00000000 wm4.mpu_armv7.h.32.83326921a797fa9d6f70449916b4b839
                           .group:00000000 wm4.cachel1_armv7.h.32.abd77761a989e008b0c60891114a33c7
                           .group:00000000 wm4.SR5E1_ADC.h.14.21608e6aff125ba995dd767d6d8dc311
                           .group:00000000 wm4.SR5E1_CEM.h.14.01fe5742c8f1ae35b1f3af05932f702e
                           .group:00000000 wm4.SR5E1_CMU.h.14.2617b38b159abe38028862394531e06d
                           .group:00000000 wm4.SR5E1_COMP.h.14.4b6fdfe4f5f7fd9bedf3a99b98bdf4cd
                           .group:00000000 wm4.SR5E1_CORDIC.h.14.354fbf7c9eaf6963d38eaa25cf28ffe8
                           .group:00000000 wm4.SR5E1_CRC.h.14.c64d0f7767671ddb92e9ead0a1162100
                           .group:00000000 wm4.SR5E1_DAC.h.14.8c26a0ff04b0cfeb55306cc3f22187b8
                           .group:00000000 wm4.SR5E1_DBGMCU.h.14.427df893d53a8044654f017ba01c25ed
                           .group:00000000 wm4.SR5E1_DMA.h.14.a7f9a92f844b40a86965798c2e64240b
                           .group:00000000 wm4.SR5E1_DMAMUX.h.14.471b3b4dfd4d41515f1df49493698866
                           .group:00000000 wm4.SR5E1_EXTI.h.14.a325ea3fe89cd84894660551c33241ea
                           .group:00000000 wm4.SR5E1_FCCU.h.14.0ebf0f0f36e079d28613ad2c80e17e23
                           .group:00000000 wm4.SR5E1_FDCAN.h.14.ac57101fad5dbc798bfb93f34c899de7
                           .group:00000000 wm4.SR5E1_FLASH_REG_ITF.h.14.d23d1d44923f9b20b8c8fdb51d66aefd
                           .group:00000000 wm4.SR5E1_GPIO.h.14.1c84071e130d7c64b62470ab0e18a1f1
                           .group:00000000 wm4.SR5E1_HRTIM.h.24.03932387d2522e6bd5c772a4edaf2f5d
                           .group:00000000 wm4.SR5E1_HSEM.h.14.cbe70eee519f01b16452c3f8c99d8df1
                           .group:00000000 wm4.SR5E1_I2C.h.14.350ba3e0f4fd57828457efa80135c36c
                           .group:00000000 wm4.SR5E1_IMA.h.14.62b7088985ab2b7ce9b030a02daa1f7d
                           .group:00000000 wm4.SR5E1_IWDG.h.14.20b7c5f05cf7ae94464c360d7af3660d
                           .group:00000000 wm4.SR5E1_MEMU.h.14.04bad7ae4c52ce334a4fc900aad2ae5b
                           .group:00000000 wm4.SR5E1_NVM_CTRL.h.14.5f442617f0628d4f16258f211c614ef9
                           .group:00000000 wm4.SR5E1_PLLDIG.h.14.bd87a8e6917eee17dae2f312c8e5fa53
                           .group:00000000 wm4.SR5E1_PMC_DIG.h.14.54173b566c6656344766ec4ef46c9281
                           .group:00000000 wm4.SR5E1_RCC.h.14.56734803c71534de286e793a53649740
                           .group:00000000 wm4.SR5E1_RTC.h.14.47037cbc7d8175dbf2be1dc0bb955e3f
                           .group:00000000 wm4.SR5E1_SD_ADC.h.14.552b97d0b8f3c1fd4df6d8964b2f1a80
                           .group:00000000 wm4.SR5E1_SMPU.h.14.8ce5bb6d5d7c579cd725f492f46e9085
                           .group:00000000 wm4.SR5E1_SPI.h.14.42d52112e540f85ade4d9135f8b87d72
                           .group:00000000 wm4.SR5E1_SSCM.h.14.8e6a2ad0ce5fca422fc3d69939b6125b
                           .group:00000000 wm4.SR5E1_SYSCFG.h.14.02b969490118ce4069914b5e94f7ca65
                           .group:00000000 wm4.SR5E1_TDM.h.14.a40ed7928cad243a57fd233fccf01ad2
                           .group:00000000 wm4.SR5E1_TIM.h.14.f17572f4c16f3f152b8164ad25c34f5b
                           .group:00000000 wm4.SR5E1_UART.h.14.eec3ab82b02b3bdb3de500483675b83f
                           .group:00000000 wm4.SR5E1_WWDG.h.14.59b45efc70e442cc6ef03702aad4ad88
                           .group:00000000 wm4.typedefs.h.36.07fe3956b4e751037cfee70edcd0b397
                           .group:00000000 wm4.irq_numbers.h.38.6294b95aed1bf7b3a2cda0eed8ce8f57
                           .group:00000000 wm4.regs.h.23.2ac145b4f57126d16daed5fbd86d99c6
                           .group:00000000 wm4.zf_common_debug.h.33.ccdd5203a5e510a964ba4c22faca44c8
                           .group:00000000 wm4.zf_common_fifo.h.33.e14e643902e26e4e65437b5b20e82793
                           .group:00000000 wm4.zf_common_function.h.33.02bbfb055e8ee322bc4f8b14ea195da2
                           .group:00000000 wm4.zf_common_memory.h.33.d43647290a4d62164ff2ec77cadb89d8
                           .group:00000000 wm4.saradc.h.25.e5a70aef9ec4fddf35f2b7cc0c9cf1bc
                           .group:00000000 wm4.gpio.h.25.d41a0c19fda8c2de42e666afb48ec15a
                           .group:00000000 wm4.zf_driver_gpio.h.65.5a4d2084c62fed7c22fdca02e748c198
                           .group:00000000 wm4.zf_driver_adc.h.64.349fb433626b42172b0e0fee038428ca
                           .group:00000000 wm4.can.h.25.3cfccb6c630ada4f656cab597e231e58
                           .group:00000000 wm4.dmamux.h.25.337aea179f6dbcc87c52aae26d38f76e
                           .group:00000000 wm4.clock_cfg.h.24.0aed3cee9ecce947225a304181294191
                           .group:00000000 wm4.clock.h.37.80236c5607fdd9eb9275e5111a4191c3
                           .group:00000000 wm4.irq.h.37.78714f25754c8b09d1428599101f6cc7
                           .group:00000000 wm4.dma.h.40.f77dd217a06ceba13a3cfdd4102a73c1
                           .group:00000000 wm4.zf_driver_can.h.67.fd10d2fa867eb54a54d4b57027d73a60
                           .group:00000000 wm4.tim.h.25.6e7ad96569e77a70a68b9b4cc59f54f2
                           .group:00000000 wm4.zf_driver_timer.h.33.8df253b6990d9861816977209fb11e90
                           .group:00000000 wm4.zf_driver_encoder.h.57.7e32999f25354fac086ca226b0c630d4
                           .group:00000000 wm4.exti.h.25.21597c35d9630b0985ce88d2c41f4ea4
                           .group:00000000 wm4.zf_driver_exti.h.59.1b02b8083e5295ef5baaf83905d59395
                           .group:00000000 wm4.ssd_types.h.29.b861f4e6d39d333f931bfc05b964cb1c
                           .group:00000000 wm4.ssd_C55.h.37.dad650468a97d71aff4dd65ca085590f
                           .group:00000000 wm4.zf_driver_flash.h.59.db93fe574c35ea9e79030063fbb35a13
                           .group:00000000 wm4.hrtim.h.25.1601aea9d4a0da1de8252dc444355251
                           .group:00000000 wm4.zf_driver_hrtim.h.64.cd8d2bf3bf1c471ea59d9c61e4a721d7
                           .group:00000000 wm4.zf_driver_interrupt.h.33.2c3660dcc36cb090bd75b8f180c14f27
                           .group:00000000 wm4.zf_driver_pit.h.33.834ac720a62e09d5603a9557331e9049
                           .group:00000000 wm4.zf_driver_pwm.h.33.7d80487064ca712231a453396685a551
                           .group:00000000 wm4.zf_driver_rcc.h.33.4c228cf40a79e1b974b30d5a9a3a77a7
                           .group:00000000 wm4.zf_driver_soft_iic.h.33.9067bd298084134f63c61c075f95fa2b
                           .group:00000000 wm4.zf_driver_soft_spi.h.33.a938287c023905d97cafe56e4be63674
                           .group:00000000 wm4.zf_driver_spi.h.62.950b1f52ed365034df2907601137b455
                           .group:00000000 wm4.zf_driver_system.h.33.370922a9681b47d575d2c83d302a180b
                           .group:00000000 wm4.zf_driver_uart.h.70.ffcf3694337ad0b4066179f1abd5d668
                           .group:00000000 wm4.zf_device_imu_interface.h.40.344a2c93b973b58cee305ff406fc3e84
                           .group:00000000 wm4.zf_device_imu660rb.h.37.b47c39afb47c89c2c82bd28e76457042
                           .group:00000000 wm4.zf_device_imu963ra.h.37.e773f164af6f72dd1b0b6c1242bf99b4
                           .group:00000000 wm4.zf_device_wireless_interface.h.40.da0a07f107014cb0888a26f281971a5b
                           .group:00000000 wm4.zf_device_display_interface.h.79.d8df25e52245efbd97fd6415c8db0a72
                           .group:00000000 wm4.zf_device_ips200.h.37.957fc5e8b291701a6f6b47207b045b77
                           .group:00000000 wm4.zf_device_gnss.h.44.8dd1e4f186f68f2c5e10664ae223ee02
                           .group:00000000 wm4.zf_device_key.h.45.b12f9096d8cc68f085b8fe9fe5b730db
                           .group:00000000 wm4.zf_device_uart_receiver.h.43.9ac9496dcaa4780ef86d21fa439379b4

UNDEFINED SYMBOLS
dlw_set_motor_duty
